This file contains any messages produced by compilers while
running configure, to aid debugging if configure makes a mistake.

It was created by configure, which was
generated by GNU Autoconf 2.63.  Invocation command line was

  $ ./configure 

## --------- ##
## Platform. ##
## --------- ##

hostname = Scientist-Laptop2.local
uname -m = x86_64
uname -r = 17.3.0
uname -s = Darwin
uname -v = Darwin Kernel Version 17.3.0: Thu Nov  9 18:09:22 PST 2017; root:xnu-4570.31.3~1/RELEASE_X86_64

/usr/bin/uname -p = i386
/bin/uname -X     = unknown

/bin/arch              = unknown
/usr/bin/arch -k       = unknown
/usr/convex/getsysinfo = unknown
/usr/bin/hostinfo      = Mach kernel version:
	 Darwin Kernel Version 17.3.0: Thu Nov  9 18:09:22 PST 2017; root:xnu-4570.31.3~1/RELEASE_X86_64
Kernel configured for up to 4 processors.
2 processors are physically available.
4 processors are logically available.
Processor type: x86_64h (Intel x86-64h Haswell)
Processors active: 0 1 2 3
Primary memory available: 4.00 gigabytes
Default processor set: 251 tasks, 1332 threads, 4 processors
Load average: 3.70, Mach factor: 1.21
/bin/machine           = unknown
/usr/bin/oslevel       = unknown
/bin/universe          = unknown

PATH: /Library/Frameworks/Python.framework/Versions/3.5/bin
PATH: /usr/local/bin
PATH: /usr/bin
PATH: /bin
PATH: /usr/sbin
PATH: /sbin
PATH: /opt/X11/bin


## ----------- ##
## Core tests. ##
## ----------- ##

configure:2077: checking for a BSD-compatible install
configure:2145: result: /usr/bin/install -c
configure:2156: checking whether build environment is sane
configure:2216: result: yes
configure:2357: checking for a thread-safe mkdir -p
configure:2396: result: config/install-sh -c -d
configure:2409: checking for gawk
configure:2439: result: no
configure:2409: checking for mawk
configure:2439: result: no
configure:2409: checking for nawk
configure:2439: result: no
configure:2409: checking for awk
configure:2425: found /usr/bin/awk
configure:2436: result: awk
configure:2447: checking whether make sets $(MAKE)
configure:2469: result: yes
configure:2600: checking for gcc
configure:2616: found /usr/bin/gcc
configure:2627: result: gcc
configure:2859: checking for C compiler version
configure:2867: gcc --version >&5
Configured with: --prefix=/Applications/Xcode.app/Contents/Developer/usr --with-gxx-include-dir=/Applications/Xcode.app/Contents/Developer/Platforms/MacOSX.platform/Developer/SDKs/MacOSX10.13.sdk/usr/include/c++/4.2.1
Apple LLVM version 9.0.0 (clang-900.0.39.2)
Target: x86_64-apple-darwin17.3.0
Thread model: posix
InstalledDir: /Applications/Xcode.app/Contents/Developer/Toolchains/XcodeDefault.xctoolchain/usr/bin
configure:2871: $? = 0
configure:2878: gcc -v >&5
Configured with: --prefix=/Applications/Xcode.app/Contents/Developer/usr --with-gxx-include-dir=/Applications/Xcode.app/Contents/Developer/Platforms/MacOSX.platform/Developer/SDKs/MacOSX10.13.sdk/usr/include/c++/4.2.1
Apple LLVM version 9.0.0 (clang-900.0.39.2)
Target: x86_64-apple-darwin17.3.0
Thread model: posix
InstalledDir: /Applications/Xcode.app/Contents/Developer/Toolchains/XcodeDefault.xctoolchain/usr/bin
configure:2882: $? = 0
configure:2889: gcc -V >&5
clang: error: argument to '-V' is missing (expected 1 value)
clang: error: no input files
configure:2893: $? = 1
configure:2916: checking for C compiler default output file name
configure:2938: gcc    conftest.c  >&5
configure:2942: $? = 0
configure:2980: result: a.out
configure:2999: checking whether the C compiler works
configure:3009: ./a.out
configure:3013: $? = 0
configure:3032: result: yes
configure:3039: checking whether we are cross compiling
configure:3041: result: no
configure:3044: checking for suffix of executables
configure:3051: gcc -o conftest    conftest.c  >&5
configure:3055: $? = 0
configure:3081: result: 
configure:3087: checking for suffix of object files
configure:3113: gcc -c   conftest.c >&5
configure:3117: $? = 0
configure:3142: result: o
configure:3146: checking whether we are using the GNU C compiler
configure:3175: gcc -c   conftest.c >&5
configure:3182: $? = 0
configure:3199: result: yes
configure:3208: checking whether gcc accepts -g
configure:3238: gcc -c -g  conftest.c >&5
configure:3245: $? = 0
configure:3346: result: yes
configure:3363: checking for gcc option to accept ISO C89
configure:3437: gcc  -c -g -O2  conftest.c >&5
configure:3444: $? = 0
configure:3467: result: none needed
configure:3496: checking for style of include used by make
configure:3524: result: GNU
configure:3549: checking dependency style of gcc
configure:3659: result: gcc3
configure:3732: checking for g++
configure:3748: found /usr/bin/g++
configure:3759: result: g++
configure:3786: checking for C++ compiler version
configure:3794: g++ --version >&5
Configured with: --prefix=/Applications/Xcode.app/Contents/Developer/usr --with-gxx-include-dir=/Applications/Xcode.app/Contents/Developer/Platforms/MacOSX.platform/Developer/SDKs/MacOSX10.13.sdk/usr/include/c++/4.2.1
Apple LLVM version 9.0.0 (clang-900.0.39.2)
Target: x86_64-apple-darwin17.3.0
Thread model: posix
InstalledDir: /Applications/Xcode.app/Contents/Developer/Toolchains/XcodeDefault.xctoolchain/usr/bin
configure:3798: $? = 0
configure:3805: g++ -v >&5
Configured with: --prefix=/Applications/Xcode.app/Contents/Developer/usr --with-gxx-include-dir=/Applications/Xcode.app/Contents/Developer/Platforms/MacOSX.platform/Developer/SDKs/MacOSX10.13.sdk/usr/include/c++/4.2.1
Apple LLVM version 9.0.0 (clang-900.0.39.2)
Target: x86_64-apple-darwin17.3.0
Thread model: posix
InstalledDir: /Applications/Xcode.app/Contents/Developer/Toolchains/XcodeDefault.xctoolchain/usr/bin
configure:3809: $? = 0
configure:3816: g++ -V >&5
clang: error: argument to '-V' is missing (expected 1 value)
clang: error: no input files
configure:3820: $? = 1
configure:3823: checking whether we are using the GNU C++ compiler
configure:3852: g++ -c   conftest.cpp >&5
configure:3859: $? = 0
configure:3876: result: yes
configure:3885: checking whether g++ accepts -g
configure:3915: g++ -c -g  conftest.cpp >&5
configure:3922: $? = 0
configure:4023: result: yes
configure:4048: checking dependency style of g++
configure:4158: result: gcc3
configure:4214: checking build system type
configure:4232: result: x86_64-apple-darwin17.3.0
configure:4254: checking host system type
configure:4269: result: x86_64-apple-darwin17.3.0
configure:4291: checking for a sed that does not truncate output
configure:4357: result: /usr/bin/sed
configure:4375: checking for grep that handles long lines and -e
configure:4435: result: /usr/bin/grep
configure:4440: checking for egrep
configure:4504: result: /usr/bin/grep -E
configure:4509: checking for fgrep
configure:4573: result: /usr/bin/grep -F
configure:4608: checking for ld used by g++
configure:4675: result: /Applications/Xcode.app/Contents/Developer/Toolchains/XcodeDefault.xctoolchain/usr/bin/ld
configure:4684: checking if the linker (/Applications/Xcode.app/Contents/Developer/Toolchains/XcodeDefault.xctoolchain/usr/bin/ld) is GNU ld
configure:4699: result: no
configure:4711: checking for BSD- or MS-compatible name lister (nm)
configure:4760: result: /usr/bin/nm -B
configure:4878: checking the name lister (/usr/bin/nm -B) interface
configure:4885: g++ -c -g -O2  conftest.cpp >&5
configure:4888: /usr/bin/nm -B "conftest.o"
configure:4891: output
00000000000001e4 S _some_variable
configure:4898: result: BSD nm
configure:4901: checking whether ln -s works
configure:4905: result: yes
configure:4913: checking the maximum length of command line arguments
configure:5033: result: 196608
configure:5050: checking whether the shell understands some XSI constructs
configure:5060: result: yes
configure:5064: checking whether the shell understands "+="
configure:5070: result: yes
configure:5105: checking for /Applications/Xcode.app/Contents/Developer/Toolchains/XcodeDefault.xctoolchain/usr/bin/ld option to reload object files
configure:5112: result: -r
configure:5181: checking for objdump
configure:5197: found /usr/bin/objdump
configure:5208: result: objdump
configure:5240: checking how to recognize dependent libraries
configure:5436: result: pass_all
configure:5496: checking for ar
configure:5512: found /usr/bin/ar
configure:5523: result: ar
configure:5601: checking for strip
configure:5617: found /usr/bin/strip
configure:5628: result: strip
configure:5700: checking for ranlib
configure:5716: found /usr/bin/ranlib
configure:5727: result: ranlib
configure:5817: checking command to parse /usr/bin/nm -B output from g++ object
configure:5935: g++ -c -g -O2  conftest.cpp >&5
configure:5938: $? = 0
configure:5942: /usr/bin/nm -B conftest.o \| sed -n -e 's/^.*[	 ]\([BCDEGRST][BCDEGRST]*\)[	 ][	 ]*\([_A-Za-z][_A-Za-z0-9]*\)$/\1 \2 \2/p' \> conftest.nm
configure:5945: $? = 0
cannot find nm_test_var in conftest.nm
configure:5935: g++ -c -g -O2  conftest.cpp >&5
configure:5938: $? = 0
configure:5942: /usr/bin/nm -B conftest.o \| sed -n -e 's/^.*[	 ]\([BCDEGRST][BCDEGRST]*\)[	 ][	 ]*_\([_A-Za-z][_A-Za-z0-9]*\)$/\1 _\2 \2/p' \> conftest.nm
configure:5945: $? = 0
configure:5999: g++ -o conftest -g -O2   conftest.cpp conftstm.o >&5
configure:6002: $? = 0
configure:6040: result: ok
configure:6334: checking for dsymutil
configure:6350: found /usr/bin/dsymutil
configure:6361: result: dsymutil
configure:6426: checking for nmedit
configure:6442: found /usr/bin/nmedit
configure:6453: result: nmedit
configure:6518: checking for lipo
configure:6534: found /usr/bin/lipo
configure:6545: result: lipo
configure:6610: checking for otool
configure:6626: found /usr/bin/otool
configure:6637: result: otool
configure:6702: checking for otool64
configure:6732: result: no
configure:6777: checking for -single_module linker flag
g++ -g -O2  -o libconftest.dylib -dynamiclib -Wl,-single_module conftest.c
clang: warning: treating 'c' input as 'c++' when in C++ mode, this behavior is deprecated [-Wdeprecated]
configure:6804: result: no
configure:6806: checking for -exported_symbols_list linker flag
configure:6836: g++ -o conftest -g -O2   -Wl,-exported_symbols_list,conftest.sym conftest.cpp  >&5
configure:6843: $? = 0
configure:6865: result: yes
configure:6907: checking how to run the C preprocessor
configure:6947: g++ -E  conftest.c
clang: warning: treating 'c' input as 'c++' when in C++ mode, this behavior is deprecated [-Wdeprecated]
configure:6954: $? = 0
configure:6985: g++ -E  conftest.c
clang: warning: treating 'c' input as 'c++' when in C++ mode, this behavior is deprecated [-Wdeprecated]
conftest.c:10:10: fatal error: 'ac_nonexistent.h' file not found
#include <ac_nonexistent.h>
         ^~~~~~~~~~~~~~~~~~
1 error generated.
configure:6992: $? = 1
configure: failed program was:
| /* confdefs.h.  */
| #define PACKAGE_NAME ""
| #define PACKAGE_TARNAME ""
| #define PACKAGE_VERSION ""
| #define PACKAGE_STRING ""
| #define PACKAGE_BUGREPORT ""
| #define PACKAGE "Minuit2"
| #define VERSION "5.34.14"
| /* end confdefs.h.  */
| #include <ac_nonexistent.h>
configure:7025: result: g++ -E
configure:7054: g++ -E  conftest.c
clang: warning: treating 'c' input as 'c++' when in C++ mode, this behavior is deprecated [-Wdeprecated]
configure:7061: $? = 0
configure:7092: g++ -E  conftest.c
clang: warning: treating 'c' input as 'c++' when in C++ mode, this behavior is deprecated [-Wdeprecated]
conftest.c:10:10: fatal error: 'ac_nonexistent.h' file not found
#include <ac_nonexistent.h>
         ^~~~~~~~~~~~~~~~~~
1 error generated.
configure:7099: $? = 1
configure: failed program was:
| /* confdefs.h.  */
| #define PACKAGE_NAME ""
| #define PACKAGE_TARNAME ""
| #define PACKAGE_VERSION ""
| #define PACKAGE_STRING ""
| #define PACKAGE_BUGREPORT ""
| #define PACKAGE "Minuit2"
| #define VERSION "5.34.14"
| /* end confdefs.h.  */
| #include <ac_nonexistent.h>
configure:7139: checking for ANSI C header files
configure:7169: g++ -c -g -O2  conftest.c >&5
clang: warning: treating 'c' input as 'c++' when in C++ mode, this behavior is deprecated [-Wdeprecated]
configure:7176: $? = 0
clang: warning: treating 'c' input as 'c++' when in C++ mode, this behavior is deprecated [-Wdeprecated]
clang: warning: treating 'c' input as 'c++' when in C++ mode, this behavior is deprecated [-Wdeprecated]
configure:7275: g++ -o conftest -g -O2   conftest.c  >&5
clang: warning: treating 'c' input as 'c++' when in C++ mode, this behavior is deprecated [-Wdeprecated]
configure:7279: $? = 0
configure:7285: ./conftest
configure:7289: $? = 0
configure:7307: result: yes
configure:7331: checking for sys/types.h
configure:7352: g++ -c -g -O2  conftest.c >&5
clang: warning: treating 'c' input as 'c++' when in C++ mode, this behavior is deprecated [-Wdeprecated]
configure:7359: $? = 0
configure:7376: result: yes
configure:7331: checking for sys/stat.h
configure:7352: g++ -c -g -O2  conftest.c >&5
clang: warning: treating 'c' input as 'c++' when in C++ mode, this behavior is deprecated [-Wdeprecated]
configure:7359: $? = 0
configure:7376: result: yes
configure:7331: checking for stdlib.h
configure:7352: g++ -c -g -O2  conftest.c >&5
clang: warning: treating 'c' input as 'c++' when in C++ mode, this behavior is deprecated [-Wdeprecated]
configure:7359: $? = 0
configure:7376: result: yes
configure:7331: checking for string.h
configure:7352: g++ -c -g -O2  conftest.c >&5
clang: warning: treating 'c' input as 'c++' when in C++ mode, this behavior is deprecated [-Wdeprecated]
configure:7359: $? = 0
configure:7376: result: yes
configure:7331: checking for memory.h
configure:7352: g++ -c -g -O2  conftest.c >&5
clang: warning: treating 'c' input as 'c++' when in C++ mode, this behavior is deprecated [-Wdeprecated]
configure:7359: $? = 0
configure:7376: result: yes
configure:7331: checking for strings.h
configure:7352: g++ -c -g -O2  conftest.c >&5
clang: warning: treating 'c' input as 'c++' when in C++ mode, this behavior is deprecated [-Wdeprecated]
configure:7359: $? = 0
configure:7376: result: yes
configure:7331: checking for inttypes.h
configure:7352: g++ -c -g -O2  conftest.c >&5
clang: warning: treating 'c' input as 'c++' when in C++ mode, this behavior is deprecated [-Wdeprecated]
configure:7359: $? = 0
configure:7376: result: yes
configure:7331: checking for stdint.h
configure:7352: g++ -c -g -O2  conftest.c >&5
clang: warning: treating 'c' input as 'c++' when in C++ mode, this behavior is deprecated [-Wdeprecated]
configure:7359: $? = 0
configure:7376: result: yes
configure:7331: checking for unistd.h
configure:7352: g++ -c -g -O2  conftest.c >&5
clang: warning: treating 'c' input as 'c++' when in C++ mode, this behavior is deprecated [-Wdeprecated]
configure:7359: $? = 0
configure:7376: result: yes
configure:7394: checking for dlfcn.h
configure:7415: g++ -c -g -O2  conftest.c >&5
clang: warning: treating 'c' input as 'c++' when in C++ mode, this behavior is deprecated [-Wdeprecated]
configure:7422: $? = 0
configure:7439: result: yes
configure:7566: checking for C++ compiler version
configure:7574: g++ --version >&5
Configured with: --prefix=/Applications/Xcode.app/Contents/Developer/usr --with-gxx-include-dir=/Applications/Xcode.app/Contents/Developer/Platforms/MacOSX.platform/Developer/SDKs/MacOSX10.13.sdk/usr/include/c++/4.2.1
Apple LLVM version 9.0.0 (clang-900.0.39.2)
Target: x86_64-apple-darwin17.3.0
Thread model: posix
InstalledDir: /Applications/Xcode.app/Contents/Developer/Toolchains/XcodeDefault.xctoolchain/usr/bin
configure:7578: $? = 0
configure:7585: g++ -v >&5
Configured with: --prefix=/Applications/Xcode.app/Contents/Developer/usr --with-gxx-include-dir=/Applications/Xcode.app/Contents/Developer/Platforms/MacOSX.platform/Developer/SDKs/MacOSX10.13.sdk/usr/include/c++/4.2.1
Apple LLVM version 9.0.0 (clang-900.0.39.2)
Target: x86_64-apple-darwin17.3.0
Thread model: posix
InstalledDir: /Applications/Xcode.app/Contents/Developer/Toolchains/XcodeDefault.xctoolchain/usr/bin
configure:7589: $? = 0
configure:7596: g++ -V >&5
clang: error: argument to '-V' is missing (expected 1 value)
clang: error: no input files
configure:7600: $? = 1
configure:7603: checking whether we are using the GNU C++ compiler
configure:7656: result: yes
configure:7665: checking whether g++ accepts -g
configure:7803: result: yes
configure:7828: checking dependency style of g++
configure:7938: result: gcc3
configure:7961: checking how to run the C++ preprocessor
configure:7997: g++ -E  conftest.cpp
configure:8004: $? = 0
configure:8035: g++ -E  conftest.cpp
conftest.cpp:21:10: fatal error: 'ac_nonexistent.h' file not found
#include <ac_nonexistent.h>
         ^~~~~~~~~~~~~~~~~~
1 error generated.
configure:8042: $? = 1
configure: failed program was:
| /* confdefs.h.  */
| #define PACKAGE_NAME ""
| #define PACKAGE_TARNAME ""
| #define PACKAGE_VERSION ""
| #define PACKAGE_STRING ""
| #define PACKAGE_BUGREPORT ""
| #define PACKAGE "Minuit2"
| #define VERSION "5.34.14"
| #define STDC_HEADERS 1
| #define HAVE_SYS_TYPES_H 1
| #define HAVE_SYS_STAT_H 1
| #define HAVE_STDLIB_H 1
| #define HAVE_STRING_H 1
| #define HAVE_MEMORY_H 1
| #define HAVE_STRINGS_H 1
| #define HAVE_INTTYPES_H 1
| #define HAVE_STDINT_H 1
| #define HAVE_UNISTD_H 1
| #define HAVE_DLFCN_H 1
| /* end confdefs.h.  */
| #include <ac_nonexistent.h>
configure:8075: result: g++ -E
configure:8104: g++ -E  conftest.cpp
configure:8111: $? = 0
configure:8142: g++ -E  conftest.cpp
conftest.cpp:21:10: fatal error: 'ac_nonexistent.h' file not found
#include <ac_nonexistent.h>
         ^~~~~~~~~~~~~~~~~~
1 error generated.
configure:8149: $? = 1
configure: failed program was:
| /* confdefs.h.  */
| #define PACKAGE_NAME ""
| #define PACKAGE_TARNAME ""
| #define PACKAGE_VERSION ""
| #define PACKAGE_STRING ""
| #define PACKAGE_BUGREPORT ""
| #define PACKAGE "Minuit2"
| #define VERSION "5.34.14"
| #define STDC_HEADERS 1
| #define HAVE_SYS_TYPES_H 1
| #define HAVE_SYS_STAT_H 1
| #define HAVE_STDLIB_H 1
| #define HAVE_STRING_H 1
| #define HAVE_MEMORY_H 1
| #define HAVE_STRINGS_H 1
| #define HAVE_INTTYPES_H 1
| #define HAVE_STDINT_H 1
| #define HAVE_UNISTD_H 1
| #define HAVE_DLFCN_H 1
| /* end confdefs.h.  */
| #include <ac_nonexistent.h>
configure:8363: checking for objdir
configure:8378: result: .libs
configure:8670: checking if g++ supports -fno-rtti -fno-exceptions
configure:8688: g++ -c -g -O2  -fno-rtti -fno-exceptions conftest.c >&5
clang: warning: treating 'c' input as 'c++' when in C++ mode, this behavior is deprecated [-Wdeprecated]
configure:8692: $? = 0
configure:8705: result: yes
configure:8725: checking for g++ option to produce PIC
configure:8997: result: -fno-common -DPIC
configure:9009: checking if g++ PIC flag -fno-common -DPIC works
configure:9027: g++ -c -g -O2  -fno-common -DPIC -DPIC conftest.c >&5
clang: warning: treating 'c' input as 'c++' when in C++ mode, this behavior is deprecated [-Wdeprecated]
configure:9031: $? = 0
configure:9044: result: yes
configure:9068: checking if g++ static flag -static works
configure:9096: result: no
configure:9111: checking if g++ supports -c -o file.o
configure:9132: g++ -c -g -O2  -o out/conftest2.o conftest.c >&5
clang: warning: treating 'c' input as 'c++' when in C++ mode, this behavior is deprecated [-Wdeprecated]
configure:9136: $? = 0
configure:9158: result: yes
configure:9166: checking if g++ supports -c -o file.o
configure:9213: result: yes
configure:9246: checking whether the g++ linker (/Applications/Xcode.app/Contents/Developer/Toolchains/XcodeDefault.xctoolchain/usr/bin/ld) supports shared libraries
configure:10320: result: yes
configure:10559: checking dynamic linker characteristics
configure:11245: result: darwin17.3.0 dyld
configure:11347: checking how to hardcode library paths into programs
configure:11372: result: immediate
configure:12205: checking whether stripping libraries is possible
configure:12219: result: yes
configure:12245: checking if libtool supports shared libraries
configure:12247: result: yes
configure:12250: checking whether to build shared libraries
configure:12271: result: yes
configure:12274: checking whether to build static libraries
configure:12278: result: yes
configure:12428: checking for ld used by g++
configure:12495: result: /Applications/Xcode.app/Contents/Developer/Toolchains/XcodeDefault.xctoolchain/usr/bin/ld
configure:12504: checking if the linker (/Applications/Xcode.app/Contents/Developer/Toolchains/XcodeDefault.xctoolchain/usr/bin/ld) is GNU ld
configure:12519: result: no
configure:12574: checking whether the g++ linker (/Applications/Xcode.app/Contents/Developer/Toolchains/XcodeDefault.xctoolchain/usr/bin/ld) supports shared libraries
configure:13549: result: yes
configure:13577: g++ -c -g -O2  conftest.cpp >&5
configure:13580: $? = 0
configure:13762: checking for g++ option to produce PIC
configure:14079: result: -fno-common -DPIC
configure:14088: checking if g++ PIC flag -fno-common -DPIC works
configure:14106: g++ -c -g -O2  -fno-common -DPIC -DPIC conftest.cpp >&5
configure:14110: $? = 0
configure:14123: result: yes
configure:14144: checking if g++ static flag -static works
configure:14172: result: no
configure:14184: checking if g++ supports -c -o file.o
configure:14205: g++ -c -g -O2  -o out/conftest2.o conftest.cpp >&5
configure:14209: $? = 0
configure:14231: result: yes
configure:14236: checking if g++ supports -c -o file.o
configure:14283: result: yes
configure:14313: checking whether the g++ linker (/Applications/Xcode.app/Contents/Developer/Toolchains/XcodeDefault.xctoolchain/usr/bin/ld) supports shared libraries
configure:14339: result: yes
configure:14476: checking dynamic linker characteristics
configure:15110: result: darwin17.3.0 dyld
configure:15161: checking how to hardcode library paths into programs
configure:15186: result: immediate
configure:15247: checking for g++
configure:15265: found /usr/bin/g++
configure:15278: result: /usr/bin/g++
configure:15286: checking standard C++ library path
configure:15289: result: /usr/lib 
configure:15293: checking for main in -lstdc++
configure:15322: g++ -o conftest -g -O2   conftest.cpp -lstdc++   >&5
configure:15329: $? = 0
configure:15350: result: yes
configure:15360: checking maximum warning verbosity option
configure:15381: result: -Wall for C++ -Wall for C
configure:15389: checking for gmake
configure:15417: result: make
configure:15470: checking for ranlib
configure:15497: result: ranlib
configure:15528: checking for g++ option to support OpenMP
configure:15548: g++ -o conftest -g -O2 -Wall   conftest.cpp  >&5
conftest.cpp:3:2: error: unknown type name 'choke'
 choke me
 ^
conftest.cpp:5:10: fatal error: 'omp.h' file not found
#include <omp.h>
         ^~~~~~~
2 errors generated.
configure:15555: $? = 1
configure: failed program was:
| 
| #ifndef _OPENMP
|  choke me
| #endif
| #include <omp.h>
| int main () { return omp_get_num_threads (); }
| 
configure:15587: g++ -o conftest -g -O2 -Wall -fopenmp   conftest.cpp  >&5
clang: error: unsupported option '-fopenmp'
clang: error: unsupported option '-fopenmp'
configure:15594: $? = 1
configure: failed program was:
| 
| #ifndef _OPENMP
|  choke me
| #endif
| #include <omp.h>
| int main () { return omp_get_num_threads (); }
| 
configure:15587: g++ -o conftest -g -O2 -Wall -xopenmp   conftest.cpp  >&5
clang: error: language not recognized: 'openmp'
configure:15594: $? = 1
configure: failed program was:
| 
| #ifndef _OPENMP
|  choke me
| #endif
| #include <omp.h>
| int main () { return omp_get_num_threads (); }
| 
configure:15587: g++ -o conftest -g -O2 -Wall -openmp   conftest.cpp  >&5
conftest.cpp:3:2: error: unknown type name 'choke'
 choke me
 ^
conftest.cpp:5:10: fatal error: 'omp.h' file not found
#include <omp.h>
         ^~~~~~~
2 errors generated.
configure:15594: $? = 1
configure: failed program was:
| 
| #ifndef _OPENMP
|  choke me
| #endif
| #include <omp.h>
| int main () { return omp_get_num_threads (); }
| 
configure:15587: g++ -o conftest -g -O2 -Wall -mp   conftest.cpp  >&5
clang: error: unknown argument: '-mp'
configure:15594: $? = 1
configure: failed program was:
| 
| #ifndef _OPENMP
|  choke me
| #endif
| #include <omp.h>
| int main () { return omp_get_num_threads (); }
| 
configure:15587: g++ -o conftest -g -O2 -Wall -omp   conftest.cpp  >&5
conftest.cpp:3:2: error: unknown type name 'choke'
 choke me
 ^
conftest.cpp:5:10: fatal error: 'omp.h' file not found
#include <omp.h>
         ^~~~~~~
2 errors generated.
configure:15594: $? = 1
configure: failed program was:
| 
| #ifndef _OPENMP
|  choke me
| #endif
| #include <omp.h>
| int main () { return omp_get_num_threads (); }
| 
configure:15587: g++ -o conftest -g -O2 -Wall -qsmp=omp   conftest.cpp  >&5
clang: error: unknown argument: '-qsmp=omp'
configure:15594: $? = 1
configure: failed program was:
| 
| #ifndef _OPENMP
|  choke me
| #endif
| #include <omp.h>
| int main () { return omp_get_num_threads (); }
| 
configure:15624: result: unsupported
configure:15778: creating ./config.status

## ---------------------- ##
## Running config.status. ##
## ---------------------- ##

This file was extended by config.status, which was
generated by GNU Autoconf 2.63.  Invocation command line was

  CONFIG_FILES    = 
  CONFIG_HEADERS  = 
  CONFIG_LINKS    = 
  CONFIG_COMMANDS = 
  $ ./config.status 

on Scientist-Laptop2.local

config.status:1056: creating Makefile
config.status:1056: creating inc/Makefile
config.status:1056: creating inc/Minuit2/Makefile
config.status:1056: creating inc/Math/Makefile
config.status:1056: creating src/Makefile
config.status:1056: creating doc/Doxyfile
config.status:1056: creating doc/Makefile
config.status:1056: creating test/Makefile
config.status:1056: creating test/MnSim/Makefile
config.status:1056: creating test/MnTutorial/Makefile
config.status:1056: creating config.h
config.status:1330: executing depfiles commands
config.status:1330: executing libtool commands
configure:18280: result:
    Minuit2 project now configured.


## ---------------- ##
## Cache variables. ##
## ---------------- ##

ac_cv_build=x86_64-apple-darwin17.3.0
ac_cv_c_compiler_gnu=yes
ac_cv_cxx_compiler_gnu=yes
ac_cv_env_CCC_set=
ac_cv_env_CCC_value=
ac_cv_env_CC_set=
ac_cv_env_CC_value=
ac_cv_env_CFLAGS_set=
ac_cv_env_CFLAGS_value=
ac_cv_env_CPPFLAGS_set=
ac_cv_env_CPPFLAGS_value=
ac_cv_env_CPP_set=
ac_cv_env_CPP_value=
ac_cv_env_CXXCPP_set=
ac_cv_env_CXXCPP_value=
ac_cv_env_CXXFLAGS_set=
ac_cv_env_CXXFLAGS_value=
ac_cv_env_CXX_set=
ac_cv_env_CXX_value=
ac_cv_env_LDFLAGS_set=
ac_cv_env_LDFLAGS_value=
ac_cv_env_LIBS_set=
ac_cv_env_LIBS_value=
ac_cv_env_build_alias_set=
ac_cv_env_build_alias_value=
ac_cv_env_host_alias_set=
ac_cv_env_host_alias_value=
ac_cv_env_target_alias_set=
ac_cv_env_target_alias_value=
ac_cv_header_dlfcn_h=yes
ac_cv_header_inttypes_h=yes
ac_cv_header_memory_h=yes
ac_cv_header_stdc=yes
ac_cv_header_stdint_h=yes
ac_cv_header_stdlib_h=yes
ac_cv_header_string_h=yes
ac_cv_header_strings_h=yes
ac_cv_header_sys_stat_h=yes
ac_cv_header_sys_types_h=yes
ac_cv_header_unistd_h=yes
ac_cv_host=x86_64-apple-darwin17.3.0
ac_cv_lib_stdcpp_main=yes
ac_cv_objext=o
ac_cv_path_EGREP='/usr/bin/grep -E'
ac_cv_path_FGREP='/usr/bin/grep -F'
ac_cv_path_GREP=/usr/bin/grep
ac_cv_path_SED=/usr/bin/sed
ac_cv_path_install='/usr/bin/install -c'
ac_cv_path_pfk_cxx_lib_path=/usr/bin/g++
ac_cv_prog_AWK=awk
ac_cv_prog_CPP='g++ -E'
ac_cv_prog_CXXCPP='g++ -E'
ac_cv_prog_GMAKE=make
ac_cv_prog_ac_ct_AR=ar
ac_cv_prog_ac_ct_CC=gcc
ac_cv_prog_ac_ct_CXX=g++
ac_cv_prog_ac_ct_DSYMUTIL=dsymutil
ac_cv_prog_ac_ct_LIPO=lipo
ac_cv_prog_ac_ct_NMEDIT=nmedit
ac_cv_prog_ac_ct_OBJDUMP=objdump
ac_cv_prog_ac_ct_OTOOL=otool
ac_cv_prog_ac_ct_RANLIB=ranlib
ac_cv_prog_ac_ct_STRIP=strip
ac_cv_prog_cc_c89=
ac_cv_prog_cc_g=yes
ac_cv_prog_cxx_g=yes
ac_cv_prog_cxx_openmp=unsupported
ac_cv_prog_make_make_set=yes
am_cv_CC_dependencies_compiler_type=gcc3
am_cv_CXX_dependencies_compiler_type=gcc3
lt_cv_apple_cc_single_mod=no
lt_cv_deplibs_check_method=pass_all
lt_cv_file_magic_cmd='$MAGIC_CMD'
lt_cv_file_magic_test_file=
lt_cv_ld_exported_symbols_list=yes
lt_cv_ld_reload_flag=-r
lt_cv_nm_interface='BSD nm'
lt_cv_objdir=.libs
lt_cv_path_LD=/Applications/Xcode.app/Contents/Developer/Toolchains/XcodeDefault.xctoolchain/usr/bin/ld
lt_cv_path_LDCXX=/Applications/Xcode.app/Contents/Developer/Toolchains/XcodeDefault.xctoolchain/usr/bin/ld
lt_cv_path_NM='/usr/bin/nm -B'
lt_cv_prog_compiler_c_o=yes
lt_cv_prog_compiler_c_o_CXX=yes
lt_cv_prog_compiler_pic_works=yes
lt_cv_prog_compiler_pic_works_CXX=yes
lt_cv_prog_compiler_rtti_exceptions=yes
lt_cv_prog_compiler_static_works=no
lt_cv_prog_compiler_static_works_CXX=no
lt_cv_prog_gnu_ld=no
lt_cv_prog_gnu_ldcxx=no
lt_cv_sys_global_symbol_pipe='sed -n -e '\''s/^.*[	 ]\([BCDEGRST][BCDEGRST]*\)[	 ][	 ]*_\([_A-Za-z][_A-Za-z0-9]*\)$/\1 _\2 \2/p'\'''
lt_cv_sys_global_symbol_to_c_name_address='sed -n -e '\''s/^: \([^ ]*\) $/  {\"\1\", (void *) 0},/p'\'' -e '\''s/^[BCDEGRST]* \([^ ]*\) \([^ ]*\)$/  {"\2", (void *) \&\2},/p'\'''
lt_cv_sys_global_symbol_to_c_name_address_lib_prefix='sed -n -e '\''s/^: \([^ ]*\) $/  {\"\1\", (void *) 0},/p'\'' -e '\''s/^[BCDEGRST]* \([^ ]*\) \(lib[^ ]*\)$/  {"\2", (void *) \&\2},/p'\'' -e '\''s/^[BCDEGRST]* \([^ ]*\) \([^ ]*\)$/  {"lib\2", (void *) \&\2},/p'\'''
lt_cv_sys_global_symbol_to_cdecl='sed -n -e '\''s/^T .* \(.*\)$/extern int \1();/p'\'' -e '\''s/^[BCDEGRST]* .* \(.*\)$/extern char \1;/p'\'''
lt_cv_sys_max_cmd_len=196608

## ----------------- ##
## Output variables. ##
## ----------------- ##

ACLOCAL='${SHELL} /Volumes/Dayeen2/Dayeen_2/Downloads/Minuit2-5.34.14/config/missing --run aclocal-1.11'
AMDEPBACKSLASH='\'
AMDEP_FALSE='#'
AMDEP_TRUE=''
AMTAR='${SHELL} /Volumes/Dayeen2/Dayeen_2/Downloads/Minuit2-5.34.14/config/missing --run tar'
AR='ar'
AUTOCONF='${SHELL} /Volumes/Dayeen2/Dayeen_2/Downloads/Minuit2-5.34.14/config/missing --run autoconf'
AUTOHEADER='${SHELL} /Volumes/Dayeen2/Dayeen_2/Downloads/Minuit2-5.34.14/config/missing --run autoheader'
AUTOMAKE='${SHELL} /Volumes/Dayeen2/Dayeen_2/Downloads/Minuit2-5.34.14/config/missing --run automake-1.11'
AWK='awk'
CC='g++'
CCDEPMODE='depmode=gcc3'
CFLAGS='-g -O2 -Wall '
CPP='g++ -E'
CPPFLAGS=''
CXX='g++'
CXXCPP='g++ -E'
CXXDEPMODE='depmode=gcc3'
CXXFLAGS='-g -O2 -Wall '
CXX_LIB_PATH='/usr/lib'
CYGPATH_W='echo'
DEFS='-DHAVE_CONFIG_H'
DEPDIR='.deps'
DSYMUTIL='dsymutil'
DUMPBIN=''
ECHO_C='\c'
ECHO_N=''
ECHO_T=''
EGREP='/usr/bin/grep -E'
EXEEXT=''
FGREP='/usr/bin/grep -F'
GMAKE='make'
GREP='/usr/bin/grep'
INSTALL_DATA='${INSTALL} -m 644'
INSTALL_PROGRAM='${INSTALL}'
INSTALL_SCRIPT='${INSTALL}'
INSTALL_STRIP_PROGRAM='$(install_sh) -c -s'
LD='/Applications/Xcode.app/Contents/Developer/Toolchains/XcodeDefault.xctoolchain/usr/bin/ld'
LDFLAGS=''
LIBOBJS=''
LIBS=''
LIBSTDCPP='lstdc++'
LIBTOOL='$(SHELL) $(top_builddir)/libtool'
LIPO='lipo'
LN_S='ln -s'
LTLIBOBJS=''
MAKEINFO='${SHELL} /Volumes/Dayeen2/Dayeen_2/Downloads/Minuit2-5.34.14/config/missing --run makeinfo'
MKDIR_P='config/install-sh -c -d'
NM='/usr/bin/nm -B'
NMEDIT='nmedit'
OBJDUMP='objdump'
OBJEXT='o'
OPENMP_CXXFLAGS=''
OTOOL64=':'
OTOOL='otool'
PACKAGE='Minuit2'
PACKAGE_BUGREPORT=''
PACKAGE_NAME=''
PACKAGE_STRING=''
PACKAGE_TARNAME=''
PACKAGE_VERSION=''
PATH_SEPARATOR=':'
RANLIB='ranlib'
SED='/usr/bin/sed'
SET_MAKE=''
SHELL='/bin/sh'
STRIP='strip'
VERSION='5.34.14'
ac_ct_CC='gcc'
ac_ct_CXX='g++'
ac_ct_DUMPBIN=''
am__EXEEXT_FALSE=''
am__EXEEXT_TRUE='#'
am__fastdepCC_FALSE='#'
am__fastdepCC_TRUE=''
am__fastdepCXX_FALSE='#'
am__fastdepCXX_TRUE=''
am__include='include'
am__isrc=''
am__leading_dot='.'
am__quote=''
am__tar='${AMTAR} chof - "$$tardir"'
am__untar='${AMTAR} xf -'
bindir='${exec_prefix}/bin'
build='x86_64-apple-darwin17.3.0'
build_alias=''
build_cpu='x86_64'
build_os='darwin17.3.0'
build_vendor='apple'
datadir='${datarootdir}'
datarootdir='${prefix}/share'
docdir='${datarootdir}/doc/${PACKAGE}'
dvidir='${docdir}'
exec_prefix='${prefix}'
host='x86_64-apple-darwin17.3.0'
host_alias=''
host_cpu='x86_64'
host_os='darwin17.3.0'
host_vendor='apple'
htmldir='${docdir}'
includedir='${prefix}/include'
infodir='${datarootdir}/info'
install_sh='${SHELL} /Volumes/Dayeen2/Dayeen_2/Downloads/Minuit2-5.34.14/config/install-sh'
libdir='${exec_prefix}/lib'
libexecdir='${exec_prefix}/libexec'
localedir='${datarootdir}/locale'
localstatedir='${prefix}/var'
lt_ECHO='/bin/echo'
mandir='${datarootdir}/man'
mkdir_p='$(top_builddir)/config/install-sh -c -d'
oldincludedir='/usr/include'
pdfdir='${docdir}'
pfk_cxx_lib_path='/usr/bin/g++'
prefix='/usr/local'
program_transform_name='s,x,x,'
psdir='${docdir}'
sbindir='${exec_prefix}/sbin'
sharedstatedir='${prefix}/com'
sysconfdir='${prefix}/etc'
target_alias=''

## ----------- ##
## confdefs.h. ##
## ----------- ##

#define PACKAGE_NAME ""
#define PACKAGE_TARNAME ""
#define PACKAGE_VERSION ""
#define PACKAGE_STRING ""
#define PACKAGE_BUGREPORT ""
#define PACKAGE "Minuit2"
#define VERSION "5.34.14"
#define STDC_HEADERS 1
#define HAVE_SYS_TYPES_H 1
#define HAVE_SYS_STAT_H 1
#define HAVE_STDLIB_H 1
#define HAVE_STRING_H 1
#define HAVE_MEMORY_H 1
#define HAVE_STRINGS_H 1
#define HAVE_INTTYPES_H 1
#define HAVE_STDINT_H 1
#define HAVE_UNISTD_H 1
#define HAVE_DLFCN_H 1
#define LT_OBJDIR ".libs/"

configure: exit 0
